<?xml version="1.0" encoding="UTF-8"?>
<!-- Generated by org.testng.reporters.JUnitReportReporter -->
<testsuite hostname="LAPTOP-3U17IM9P" failures="0" tests="3" name="runner.RunnerClass" time="55.674" errors="0" timestamp="2024-04-30T13:20:02 IST" skipped="0">
  <testcase classname="runner.RunnerClass" name="runScenario" time="18.762"/>
  <system-out/>
  <testcase classname="runner.RunnerClass" name="runScenario" time="20.272"/>
  <system-out/>
  <testcase classname="runner.RunnerClass" name="runScenario" time="16.640"/>
  <system-out/>
</testsuite> <!-- runner.RunnerClass -->
